Tue Oct  1 11:02:23 AM IST 2024: Processing record ID '1', Name: Alice, Place: Berlin, Job: Artist
Tue Oct  1 11:02:23 AM IST 2024: Uploaded record with ID '1' to database.
Tue Oct  1 11:02:23 AM IST 2024: Processing record ID '2', Name: Bob, Place: Dubai, Job: Architect
Tue Oct  1 11:02:23 AM IST 2024: Uploaded record with ID '2' to database.
Tue Oct  1 11:02:23 AM IST 2024: Processing record ID '3', Name: Frank, Place: Dubai, Job: Chef
Tue Oct  1 11:02:23 AM IST 2024: Uploaded record with ID '3' to database.
Tue Oct  1 11:02:23 AM IST 2024: Processing record ID '4', Name: Jack, Place: Rome, Job: Architect
Tue Oct  1 11:02:23 AM IST 2024: Uploaded record with ID '4' to database.
Tue Oct  1 11:02:23 AM IST 2024: Processing record ID '5', Name: Alice, Place: Toronto, Job: Architect
Tue Oct  1 11:02:23 AM IST 2024: Uploaded record with ID '5' to database.
Tue Oct  1 11:02:23 AM IST 2024: Processing record ID '6', Name: Jack, Place: Cairo, Job: Doctor
Tue Oct  1 11:02:23 AM IST 2024: Uploaded record with ID '6' to database.
Tue Oct  1 11:02:23 AM IST 2024: Processing record ID '7', Name: Ivy, Place: Sydney, Job: Nurse
Tue Oct  1 11:02:23 AM IST 2024: Uploaded record with ID '7' to database.
Tue Oct  1 11:02:23 AM IST 2024: Processing record ID '8', Name: Grace, Place: Sydney, Job: Lawyer
Tue Oct  1 11:02:23 AM IST 2024: Uploaded record with ID '8' to database.
Tue Oct  1 11:02:23 AM IST 2024: Processing record ID '9', Name: Frank, Place: Sydney, Job: Designer
Tue Oct  1 11:02:23 AM IST 2024: Uploaded record with ID '9' to database.
Tue Oct  1 11:02:23 AM IST 2024: Processing record ID '10', Name: David, Place: London, Job: Designer
Tue Oct  1 11:02:23 AM IST 2024: Uploaded record with ID '10' to database.
Tue Oct  1 11:02:23 AM IST 2024: Largest file: 1031	/home/shtlp_0071/Desktop/Assignment_3-Linux_and_Sql-/Linux/E4/sample_files/dir3/file8.txt
Tue Oct  1 11:05:49 AM IST 2024: Processing record ID '1', Name: Alice, Place: Berlin, Job: Artist
Tue Oct  1 11:05:49 AM IST 2024: Uploaded record with ID '1' to database.
Tue Oct  1 11:05:49 AM IST 2024: Processing record ID '2', Name: Bob, Place: Dubai, Job: Architect
Tue Oct  1 11:05:49 AM IST 2024: Uploaded record with ID '2' to database.
Tue Oct  1 11:05:49 AM IST 2024: Processing record ID '3', Name: Frank, Place: Dubai, Job: Chef
Tue Oct  1 11:05:49 AM IST 2024: Uploaded record with ID '3' to database.
Tue Oct  1 11:05:49 AM IST 2024: Processing record ID '4', Name: Jack, Place: Rome, Job: Architect
Tue Oct  1 11:05:49 AM IST 2024: Uploaded record with ID '4' to database.
Tue Oct  1 11:05:49 AM IST 2024: Processing record ID '5', Name: Alice, Place: Toronto, Job: Architect
Tue Oct  1 11:05:49 AM IST 2024: Uploaded record with ID '5' to database.
Tue Oct  1 11:05:49 AM IST 2024: Processing record ID '6', Name: Jack, Place: Cairo, Job: Doctor
Tue Oct  1 11:05:49 AM IST 2024: Uploaded record with ID '6' to database.
Tue Oct  1 11:05:49 AM IST 2024: Processing record ID '7', Name: Ivy, Place: Sydney, Job: Nurse
Tue Oct  1 11:05:49 AM IST 2024: Uploaded record with ID '7' to database.
Tue Oct  1 11:05:49 AM IST 2024: Processing record ID '8', Name: Grace, Place: Sydney, Job: Lawyer
Tue Oct  1 11:05:49 AM IST 2024: Uploaded record with ID '8' to database.
Tue Oct  1 11:05:49 AM IST 2024: Processing record ID '9', Name: Frank, Place: Sydney, Job: Designer
Tue Oct  1 11:05:49 AM IST 2024: Uploaded record with ID '9' to database.
Tue Oct  1 11:05:49 AM IST 2024: Processing record ID '10', Name: David, Place: London, Job: Designer
Tue Oct  1 11:05:49 AM IST 2024: Uploaded record with ID '10' to database.
Tue Oct  1 11:05:49 AM IST 2024: Largest file: 1031	/home/shtlp_0071/Desktop/Assignment_3-Linux_and_Sql-/Linux/E4/sample_files/dir3/file8.txt
Tue Oct  1 12:03:05 PM IST 2024: Processing record ID '1', Name: Alice, Place: Berlin, Job: Artist
Tue Oct  1 12:03:05 PM IST 2024: Uploaded record with ID '1' to database.
Tue Oct  1 12:03:05 PM IST 2024: Processing record ID '2', Name: Bob, Place: Dubai, Job: Architect
Tue Oct  1 12:03:05 PM IST 2024: Uploaded record with ID '2' to database.
Tue Oct  1 12:03:05 PM IST 2024: Processing record ID '3', Name: Frank, Place: Dubai, Job: Chef
Tue Oct  1 12:03:05 PM IST 2024: Uploaded record with ID '3' to database.
Tue Oct  1 12:03:05 PM IST 2024: Processing record ID '4', Name: Jack, Place: Rome, Job: Architect
Tue Oct  1 12:03:05 PM IST 2024: Uploaded record with ID '4' to database.
Tue Oct  1 12:03:05 PM IST 2024: Processing record ID '5', Name: Alice, Place: Toronto, Job: Architect
Tue Oct  1 12:03:05 PM IST 2024: Uploaded record with ID '5' to database.
Tue Oct  1 12:03:05 PM IST 2024: Processing record ID '6', Name: Jack, Place: Cairo, Job: Doctor
Tue Oct  1 12:03:05 PM IST 2024: Uploaded record with ID '6' to database.
Tue Oct  1 12:03:05 PM IST 2024: Processing record ID '7', Name: Ivy, Place: Sydney, Job: Nurse
Tue Oct  1 12:03:05 PM IST 2024: Uploaded record with ID '7' to database.
Tue Oct  1 12:03:05 PM IST 2024: Processing record ID '8', Name: Grace, Place: Sydney, Job: Lawyer
Tue Oct  1 12:03:05 PM IST 2024: Uploaded record with ID '8' to database.
Tue Oct  1 12:03:05 PM IST 2024: Processing record ID '9', Name: Frank, Place: Sydney, Job: Designer
Tue Oct  1 12:03:05 PM IST 2024: Uploaded record with ID '9' to database.
Tue Oct  1 12:03:05 PM IST 2024: Processing record ID '10', Name: David, Place: London, Job: Designer
Tue Oct  1 12:03:05 PM IST 2024: Uploaded record with ID '10' to database.
Tue Oct  1 12:03:05 PM IST 2024: Largest file: 1031	/home/shtlp_0071/Desktop/Assignment_3-Linux_and_Sql-/Linux/E4/sample_files/dir3/file8.txt
