Monday 30 September 2024 07:48:04 PM IST: Processing record ID '1', Name: Alice, Place: Berlin, Job: Artist
Monday 30 September 2024 07:48:04 PM IST: Uploaded record with ID '1' to database.
Monday 30 September 2024 07:48:04 PM IST: Processing record ID '2', Name: Bob, Place: Dubai, Job: Architect
Monday 30 September 2024 07:48:04 PM IST: Uploaded record with ID '2' to database.
Monday 30 September 2024 07:48:04 PM IST: Processing record ID '3', Name: Frank, Place: Dubai, Job: Chef
Monday 30 September 2024 07:48:04 PM IST: Uploaded record with ID '3' to database.
Monday 30 September 2024 07:48:04 PM IST: Processing record ID '4', Name: Jack, Place: Rome, Job: Architect
Monday 30 September 2024 07:48:04 PM IST: Uploaded record with ID '4' to database.
Monday 30 September 2024 07:48:04 PM IST: Processing record ID '5', Name: Alice, Place: Toronto, Job: Architect
Monday 30 September 2024 07:48:04 PM IST: Uploaded record with ID '5' to database.
Monday 30 September 2024 07:48:04 PM IST: Processing record ID '6', Name: Jack, Place: Cairo, Job: Doctor
Monday 30 September 2024 07:48:04 PM IST: Uploaded record with ID '6' to database.
Monday 30 September 2024 07:48:04 PM IST: Processing record ID '7', Name: Ivy, Place: Sydney, Job: Nurse
Monday 30 September 2024 07:48:04 PM IST: Uploaded record with ID '7' to database.
Monday 30 September 2024 07:48:04 PM IST: Processing record ID '8', Name: Grace, Place: Sydney, Job: Lawyer
Monday 30 September 2024 07:48:04 PM IST: Uploaded record with ID '8' to database.
Monday 30 September 2024 07:48:04 PM IST: Processing record ID '9', Name: Frank, Place: Sydney, Job: Designer
Monday 30 September 2024 07:48:04 PM IST: Uploaded record with ID '9' to database.
Monday 30 September 2024 07:48:04 PM IST: Processing record ID '10', Name: David, Place: London, Job: Designer
Monday 30 September 2024 07:48:04 PM IST: Uploaded record with ID '10' to database.
Monday 30 September 2024 07:48:04 PM IST: Largest file: 1031	/home/shtlp_0064/Downloads/Linux/Task-4/sample_files/dir3/file8.txt
